[2025-07-19 10:39:57 +0000] [16976] [INFO] Starting gunicorn 23.0.0
[2025-07-19 10:39:57 +0000] [16976] [INFO] Listening at: http://0.0.0.0:5000 (16976)
[2025-07-19 10:39:57 +0000] [16976] [INFO] Using worker: sync
[2025-07-19 10:39:57 +0000] [16976] [INFO] Server is ready. Spawning workers
[2025-07-19 10:39:57 +0000] [16977] [INFO] Booting worker with pid: 16977
[2025-07-19 10:39:57 +0000] [16977] [ERROR] Exception in worker process
Traceback (most recent call last):
  File "/home/ec2-user/line-chat-bot/venv/lib64/python3.9/site-packages/gunicorn/arbiter.py", line 608, in spawn_worker
    worker.init_process()
  File "/home/ec2-user/line-chat-bot/venv/lib64/python3.9/site-packages/gunicorn/workers/base.py", line 135, in init_process
    self.load_wsgi()
  File "/home/ec2-user/line-chat-bot/venv/lib64/python3.9/site-packages/gunicorn/workers/base.py", line 147, in load_wsgi
    self.wsgi = self.app.wsgi()
  File "/home/ec2-user/line-chat-bot/venv/lib64/python3.9/site-packages/gunicorn/app/base.py", line 66, in wsgi
    self.callable = self.load()
  File "/home/ec2-user/line-chat-bot/venv/lib64/python3.9/site-packages/gunicorn/app/wsgiapp.py", line 57, in load
    return self.load_wsgiapp()
  File "/home/ec2-user/line-chat-bot/venv/lib64/python3.9/site-packages/gunicorn/app/wsgiapp.py", line 47, in load_wsgiapp
    return util.import_app(self.app_uri)
  File "/home/ec2-user/line-chat-bot/venv/lib64/python3.9/site-packages/gunicorn/util.py", line 370, in import_app
    mod = importlib.import_module(module)
  File "/usr/lib64/python3.9/importlib/__init__.py", line 127, in import_module
    return _bootstrap._gcd_import(name[level:], package, level)
  File "<frozen importlib._bootstrap>", line 1030, in _gcd_import
  File "<frozen importlib._bootstrap>", line 1007, in _find_and_load
  File "<frozen importlib._bootstrap>", line 984, in _find_and_load_unlocked
ModuleNotFoundError: No module named 'app'
[2025-07-19 10:39:57 +0000] [16977] [INFO] Worker exiting (pid: 16977)
[2025-07-19 10:39:57 +0000] [16976] [ERROR] Worker (pid:16977) exited with code 3
[2025-07-19 10:39:57 +0000] [16976] [ERROR] Shutting down: Master
[2025-07-19 10:39:57 +0000] [16976] [ERROR] Reason: Worker failed to boot.
[2025-07-19 10:40:24 +0000] [17041] [INFO] Starting gunicorn 23.0.0
[2025-07-19 10:40:24 +0000] [17041] [INFO] Listening at: http://0.0.0.0:5000 (17041)
[2025-07-19 10:40:24 +0000] [17041] [INFO] Using worker: sync
[2025-07-19 10:40:24 +0000] [17041] [INFO] Server is ready. Spawning workers
[2025-07-19 10:40:24 +0000] [17042] [INFO] Booting worker with pid: 17042
[2025-07-19 10:40:24 +0000] [17042] [ERROR] Exception in worker process
Traceback (most recent call last):
  File "/home/ec2-user/line-chat-bot/venv/lib64/python3.9/site-packages/gunicorn/arbiter.py", line 608, in spawn_worker
    worker.init_process()
  File "/home/ec2-user/line-chat-bot/venv/lib64/python3.9/site-packages/gunicorn/workers/base.py", line 135, in init_process
    self.load_wsgi()
  File "/home/ec2-user/line-chat-bot/venv/lib64/python3.9/site-packages/gunicorn/workers/base.py", line 147, in load_wsgi
    self.wsgi = self.app.wsgi()
  File "/home/ec2-user/line-chat-bot/venv/lib64/python3.9/site-packages/gunicorn/app/base.py", line 66, in wsgi
    self.callable = self.load()
  File "/home/ec2-user/line-chat-bot/venv/lib64/python3.9/site-packages/gunicorn/app/wsgiapp.py", line 57, in load
    return self.load_wsgiapp()
  File "/home/ec2-user/line-chat-bot/venv/lib64/python3.9/site-packages/gunicorn/app/wsgiapp.py", line 47, in load_wsgiapp
    return util.import_app(self.app_uri)
  File "/home/ec2-user/line-chat-bot/venv/lib64/python3.9/site-packages/gunicorn/util.py", line 370, in import_app
    mod = importlib.import_module(module)
  File "/usr/lib64/python3.9/importlib/__init__.py", line 127, in import_module
    return _bootstrap._gcd_import(name[level:], package, level)
  File "<frozen importlib._bootstrap>", line 1030, in _gcd_import
  File "<frozen importlib._bootstrap>", line 1007, in _find_and_load
  File "<frozen importlib._bootstrap>", line 984, in _find_and_load_unlocked
ModuleNotFoundError: No module named 'src/line/app'
[2025-07-19 10:40:24 +0000] [17042] [INFO] Worker exiting (pid: 17042)
[2025-07-19 10:40:24 +0000] [17041] [ERROR] Worker (pid:17042) exited with code 3
[2025-07-19 10:40:24 +0000] [17041] [ERROR] Shutting down: Master
[2025-07-19 10:40:24 +0000] [17041] [ERROR] Reason: Worker failed to boot.
[2025-07-19 10:41:09 +0000] [17044] [INFO] Starting gunicorn 23.0.0
[2025-07-19 10:41:09 +0000] [17044] [INFO] Listening at: http://0.0.0.0:5000 (17044)
[2025-07-19 10:41:09 +0000] [17044] [INFO] Using worker: sync
[2025-07-19 10:41:09 +0000] [17044] [INFO] Server is ready. Spawning workers
[2025-07-19 10:41:09 +0000] [17045] [INFO] Booting worker with pid: 17045
[2025-07-19 10:46:44 +0000] [17044] [INFO] Handling signal: int
[2025-07-19 10:46:44 +0000] [17045] [INFO] Worker exiting (pid: 17045)
[2025-07-19 10:46:44 +0000] [17044] [ERROR] Worker (pid:17045) was sent SIGINT!
[2025-07-19 10:46:45 +0000] [17044] [INFO] Shutting down: Master
[2025-07-19 10:46:49 +0000] [17370] [INFO] Starting gunicorn 23.0.0
[2025-07-19 10:46:49 +0000] [17370] [INFO] Listening at: http://0.0.0.0:5000 (17370)
[2025-07-19 10:46:49 +0000] [17370] [INFO] Using worker: sync
[2025-07-19 10:46:49 +0000] [17370] [INFO] Server is ready. Spawning workers
[2025-07-19 10:46:49 +0000] [17371] [INFO] Booting worker with pid: 17371
[2025-07-19 11:20:58 +0000] [17370] [INFO] Handling signal: term
[2025-07-19 11:20:58 +0000] [17371] [INFO] Worker exiting (pid: 17371)
[2025-07-19 11:20:59 +0000] [17370] [INFO] Shutting down: Master
[2025-07-19 11:21:49 +0000] [18775] [INFO] Starting gunicorn 23.0.0
[2025-07-19 11:21:49 +0000] [18775] [INFO] Listening at: http://0.0.0.0:5000 (18775)
[2025-07-19 11:21:49 +0000] [18775] [INFO] Using worker: sync
[2025-07-19 11:21:49 +0000] [18775] [INFO] Server is ready. Spawning workers
[2025-07-19 11:21:49 +0000] [18776] [INFO] Booting worker with pid: 18776
[2025-07-19 11:23:30 +0000] [18775] [INFO] Handling signal: int
[2025-07-19 11:23:30 +0000] [18776] [INFO] Worker exiting (pid: 18776)
[2025-07-19 11:23:31 +0000] [18775] [ERROR] Worker (pid:18776) was sent SIGINT!
[2025-07-19 11:23:31 +0000] [18775] [INFO] Shutting down: Master
[2025-07-19 11:40:23 +0000] [19539] [INFO] Starting gunicorn 23.0.0
[2025-07-19 11:40:23 +0000] [19539] [INFO] Listening at: http://0.0.0.0:5000 (19539)
[2025-07-19 11:40:23 +0000] [19539] [INFO] Using worker: sync
[2025-07-19 11:40:23 +0000] [19539] [INFO] Server is ready. Spawning workers
[2025-07-19 11:40:23 +0000] [19541] [INFO] Booting worker with pid: 19541
[2025-07-19 11:41:04 +0000] [19539] [INFO] Handling signal: int
[2025-07-19 11:41:04 +0000] [19541] [INFO] Worker exiting (pid: 19541)
[2025-07-19 11:41:04 +0000] [19539] [ERROR] Worker (pid:19541) was sent SIGINT!
[2025-07-19 11:41:04 +0000] [19539] [INFO] Shutting down: Master
